<?xml version="1.0" encoding="UTF-8"?>
<!-- Generated by org.testng.reporters.JUnitReportReporter -->
<testsuite skipped="0" hostname="LAPTOP-31R8UJQH" name="TestCases.mainPageLunching" tests="1" failures="0" timestamp="22 May 2019 04:44:38 GMT" time="2.456" errors="0">
  <testcase name="signin" time="2.456" classname="TestCases.mainPageLunching"/>
</testsuite> <!-- TestCases.mainPageLunching -->
